mmap(NULL, 8192, PROT_READ|PROT_WRITE, MAP_PRIVATE|MAP_ANONYMOUS, -1, 0) = 0x7f6044f6e000
openat(AT_FDCWD, "/etc/ld.so.cache", O_RDONLY|O_CLOEXEC) = 3
mmap(NULL, 62679, PROT_READ, MAP_PRIVATE, 3, 0) = 0x7f6044f5e000
openat(AT_FDCWD, "/lib/x86_64-linux-gnu/libc.so.6", O_RDONLY|O_CLOEXEC) = 3
read(3, "\177ELF\2\1\1\3\0\0\0\0\0\0\0\0\3\0>\0\1\0\0\0P\237\2\0\0\0\0\0"..., 832) = 832
mmap(NULL, 2260560, PROT_READ, MAP_PRIVATE|MAP_DENYWRITE, 3, 0) = 0x7f6044c00000
mmap(0x7f6044c28000, 1658880, PROT_READ|PROT_EXEC, MAP_PRIVATE|MAP_FIXED|MAP_DENYWRITE, 3, 0x28000) = 0x7f6044c28000
mmap(0x7f6044dbd000, 360448, PROT_READ, MAP_PRIVATE|MAP_FIXED|MAP_DENYWRITE, 3, 0x1bd000) = 0x7f6044dbd000
mmap(0x7f6044e15000, 24576, PROT_READ|PROT_WRITE, MAP_PRIVATE|MAP_FIXED|MAP_DENYWRITE, 3, 0x214000) = 0x7f6044e15000
mmap(0x7f6044e1b000, 52816, PROT_READ|PROT_WRITE, MAP_PRIVATE|MAP_FIXED|MAP_ANONYMOUS, -1, 0) = 0x7f6044e1b000
mmap(NULL, 12288, PROT_READ|PROT_WRITE, MAP_PRIVATE|MAP_ANONYMOUS, -1, 0) = 0x7f6044f5b000
openat(AT_FDCWD, "REQ_PIPE_53721", O_RDONLY) = 3
openat(AT_FDCWD, "RESP_PIPE_53721", O_WRONLY) = 4
read(3, "\n", 1)                        = 1
read(3, "CREATE_SHM", 10)               = 10
read(3, "TNE\0", 4)                     = 4
openat(AT_FDCWD, "/dev/shm/zOzB9hE", O_RDWR|O_CREAT|O_NOFOLLOW|O_CLOEXEC, 0664) = 5
mmap(NULL, 4542036, PROT_WRITE, MAP_SHARED, 5, 0) = 0x7f60447ab000
read(3, "\10", 1)                       = 1
read(3, "MAP_FILE", 8)                  = 8
read(3, "\30", 1)                       = 1
read(3, "test_root/vEdrMoFPI6.yGx", 24) = 24
openat(AT_FDCWD, "test_root/vEdrMoFPI6.yGx", O_RDONLY) = 6
mmap(NULL, 66488, PROT_READ, MAP_SHARED, 6, 0) = 0x7f6044f4a000
read(3, "\36", 1)                       = 1
read(3, "READ_FROM_LOGICAL_SPACE_OFFSET", 30) = 30
read(6, 0x7fff6201f1ce, 1)              = -1 EBADF (Bad file descriptor)
+++ exited with 0 +++
